TN:
SF:src/App.tsx
FN:9,App
FNF:1
FNH:0
FNDA:0,App
DA:10,0
LF:1
LH:0
BRF:0
BRH:0
end_of_record
TN:
SF:src/ThemeContext.tsx
FN:12,(anonymous_0)
FN:15,ThemeProvider
FN:16,(anonymous_2)
FN:24,(anonymous_3)
FN:34,setTheme
FN:45,useTheme
FNF:6
FNH:5
FNDA:0,(anonymous_0)
FNDA:11,ThemeProvider
FNDA:7,(anonymous_2)
FNDA:11,(anonymous_3)
FNDA:5,setTheme
FNDA:11,useTheme
DA:10,2
DA:16,11
DA:17,7
DA:18,7
DA:19,7
DA:21,2
DA:24,11
DA:25,11
DA:26,11
DA:27,3
DA:29,8
DA:31,11
DA:35,5
DA:38,11
DA:46,11
LF:15
LH:15
BRDA:19,0,0,5
BRDA:19,0,1,2
BRDA:19,1,0,7
BRDA:19,1,1,6
BRDA:21,2,0,0
BRDA:21,2,1,2
BRDA:26,3,0,3
BRDA:26,3,1,8
BRF:8
BRH:7
end_of_record
TN:
SF:src/types.ts
FNF:0
FNH:0
LF:0
LH:0
BRF:0
BRH:0
end_of_record
TN:
SF:src/api/client.ts
FN:15,(anonymous_0)
FN:30,validateIsoDate
FN:51,request
FN:84,requestText
FN:136,(anonymous_4)
FN:137,(anonymous_5)
FN:138,(anonymous_6)
FN:139,(anonymous_7)
FN:141,(anonymous_8)
FN:142,(anonymous_9)
FN:148,(anonymous_10)
FN:152,(anonymous_11)
FN:154,(anonymous_12)
FN:155,(anonymous_13)
FN:156,(anonymous_14)
FN:157,(anonymous_15)
FN:159,(anonymous_16)
FN:165,(anonymous_17)
FN:166,(anonymous_18)
FN:167,(anonymous_19)
FN:169,(anonymous_20)
FN:171,(anonymous_21)
FN:172,(anonymous_22)
FN:176,(anonymous_23)
FN:187,(anonymous_24)
FN:188,(anonymous_25)
FN:189,(anonymous_26)
FN:191,(anonymous_27)
FN:197,(anonymous_28)
FN:198,(anonymous_29)
FN:200,(anonymous_30)
FN:202,(anonymous_31)
FN:204,(anonymous_32)
FN:210,(anonymous_33)
FN:211,(anonymous_34)
FN:213,(anonymous_35)
FN:218,(anonymous_36)
FN:220,(anonymous_37)
FN:222,(anonymous_38)
FN:228,(anonymous_39)
FN:237,(anonymous_40)
FN:238,(anonymous_41)
FN:239,(anonymous_42)
FN:243,(anonymous_43)
FN:245,(anonymous_44)
FN:259,(anonymous_45)
FN:261,(anonymous_46)
FN:263,(anonymous_47)
FN:264,(anonymous_48)
FN:265,(anonymous_49)
FN:266,(anonymous_50)
FN:268,(anonymous_51)
FNF:52
FNH:18
FNDA:11,(anonymous_0)
FNDA:8,validateIsoDate
FNDA:17,request
FNDA:3,requestText
FNDA:5,(anonymous_4)
FNDA:1,(anonymous_5)
FNDA:0,(anonymous_6)
FNDA:0,(anonymous_7)
FNDA:1,(anonymous_8)
FNDA:0,(anonymous_9)
FNDA:1,(anonymous_10)
FNDA:0,(anonymous_11)
FNDA:5,(anonymous_12)
FNDA:0,(anonymous_13)
FNDA:1,(anonymous_14)
FNDA:0,(anonymous_15)
FNDA:0,(anonymous_16)
FNDA:1,(anonymous_17)
FNDA:0,(anonymous_18)
FNDA:1,(anonymous_19)
FNDA:0,(anonymous_20)
FNDA:0,(anonymous_21)
FNDA:1,(anonymous_22)
FNDA:1,(anonymous_23)
FNDA:0,(anonymous_24)
FNDA:2,(anonymous_25)
FNDA:0,(anonymous_26)
FNDA:0,(anonymous_27)
FNDA:0,(anonymous_28)
FNDA:0,(anonymous_29)
FNDA:0,(anonymous_30)
FNDA:0,(anonymous_31)
FNDA:0,(anonymous_32)
FNDA:0,(anonymous_33)
FNDA:0,(anonymous_34)
FNDA:0,(anonymous_35)
FNDA:0,(anonymous_36)
FNDA:0,(anonymous_37)
FNDA:0,(anonymous_38)
FNDA:1,(anonymous_39)
FNDA:0,(anonymous_40)
FNDA:0,(anonymous_41)
FNDA:1,(anonymous_42)
FNDA:0,(anonymous_43)
FNDA:3,(anonymous_44)
FNDA:0,(anonymous_45)
FNDA:0,(anonymous_46)
FNDA:0,(anonymous_47)
FNDA:0,(anonymous_48)
FNDA:0,(anonymous_49)
FNDA:0,(anonymous_50)
FNDA:0,(anonymous_51)
DA:12,3
DA:16,11
DA:18,11
DA:20,11
DA:21,11
DA:31,8
DA:34,6
DA:35,2
DA:39,4
DA:40,4
DA:41,0
DA:45,4
DA:46,4
DA:47,1
DA:52,17
DA:53,17
DA:58,14
DA:61,13
DA:62,13
DA:64,1
DA:67,13
DA:68,2
DA:69,2
DA:70,2
DA:73,11
DA:75,5
DA:76,2
DA:79,3
DA:80,5
DA:85,3
DA:86,3
DA:91,3
DA:93,2
DA:94,2
DA:96,1
DA:98,2
DA:101,1
DA:103,2
DA:104,2
DA:106,0
DA:107,2
DA:125,3
DA:133,3
DA:136,5
DA:137,1
DA:138,0
DA:140,0
DA:141,1
DA:142,0
DA:149,1
DA:150,1
DA:153,0
DA:154,5
DA:155,0
DA:156,1
DA:158,0
DA:160,0
DA:165,1
DA:166,0
DA:168,1
DA:170,0
DA:171,0
DA:174,1
DA:175,1
DA:178,1
DA:179,1
DA:180,1
DA:181,1
DA:182,1
DA:187,0
DA:188,2
DA:190,0
DA:192,0
DA:197,0
DA:199,0
DA:201,0
DA:203,0
DA:205,0
DA:210,0
DA:212,0
DA:214,0
DA:219,0
DA:221,0
DA:223,0
DA:230,1
DA:231,1
DA:237,0
DA:238,0
DA:240,1
DA:241,1
DA:244,0
DA:246,3
DA:247,2
DA:248,2
DA:249,2
DA:250,1
DA:254,1
DA:256,1
DA:257,3
DA:260,0
DA:262,0
DA:263,0
DA:264,0
DA:265,0
DA:267,0
DA:269,0
LF:106
LH:70
BRDA:12,0,0,3
BRDA:12,0,1,3
BRDA:31,1,0,2
BRDA:31,1,1,6
BRDA:34,2,0,2
BRDA:34,2,1,4
BRDA:40,3,0,0
BRDA:40,3,1,4
BRDA:46,4,0,1
BRDA:46,4,1,3
BRDA:58,5,0,1
BRDA:58,5,1,13
BRDA:67,6,0,2
BRDA:67,6,1,11
BRDA:68,7,0,2
BRDA:68,7,1,0
BRDA:69,8,0,1
BRDA:69,8,1,1
BRDA:75,9,0,2
BRDA:75,9,1,3
BRDA:79,10,0,3
BRDA:79,10,1,0
BRDA:80,11,0,3
BRDA:80,11,1,0
BRDA:91,12,0,2
BRDA:91,12,1,1
BRDA:98,13,0,2
BRDA:98,13,1,0
BRDA:103,14,0,2
BRDA:103,14,1,0
BRDA:106,15,0,0
BRDA:106,15,1,0
BRDA:107,16,0,0
BRDA:107,16,1,0
BRDA:179,17,0,1
BRDA:179,17,1,0
BRDA:180,18,0,1
BRDA:180,18,1,0
BRDA:181,19,0,1
BRDA:181,19,1,0
BRDA:181,20,0,1
BRDA:181,20,1,1
BRDA:182,21,0,1
BRDA:182,21,1,0
BRDA:231,22,0,0
BRDA:231,22,1,0
BRDA:246,23,0,2
BRDA:246,23,1,1
BRDA:249,24,0,1
BRDA:249,24,1,1
BRDA:249,25,0,2
BRDA:249,25,1,1
BRDA:256,26,0,1
BRDA:256,26,1,0
BRF:54
BRH:37
end_of_record
TN:
SF:src/components/AllocationChart.tsx
FN:14,AllocationChart
FN:24,(anonymous_1)
FN:25,(anonymous_2)
FN:35,(anonymous_3)
FN:55,(anonymous_4)
FN:65,(anonymous_5)
FN:84,(anonymous_6)
FNF:7
FNH:0
FNDA:0,AllocationChart
FNDA:0,(anonymous_1)
FNDA:0,(anonymous_2)
FNDA:0,(anonymous_3)
FNDA:0,(anonymous_4)
FNDA:0,(anonymous_5)
FNDA:0,(anonymous_6)
DA:20,0
DA:21,0
DA:23,0
DA:24,0
DA:25,0
DA:27,0
DA:28,0
DA:35,0
DA:41,0
DA:56,0
DA:67,0
DA:70,0
DA:85,0
LF:13
LH:0
BRDA:17,0,0,0
BRDA:18,1,0,0
BRDA:27,2,0,0
BRDA:27,2,1,0
BRDA:36,3,0,0
BRDA:36,3,1,0
BRDA:58,4,0,0
BRDA:58,4,1,0
BRDA:59,5,0,0
BRDA:59,5,1,0
BRDA:67,6,0,0
BRDA:67,6,1,0
BRDA:69,7,0,0
BRDA:69,7,1,0
BRDA:70,8,0,0
BRDA:70,8,1,0
BRDA:74,9,0,0
BRDA:74,9,1,0
BRDA:75,10,0,0
BRDA:75,10,1,0
BRDA:77,11,0,0
BRDA:77,11,1,0
BRDA:79,12,0,0
BRDA:79,12,1,0
BRDA:85,13,0,0
BRDA:85,13,1,0
BRF:26
BRH:0
end_of_record
TN:
SF:src/components/ConfirmDialog.tsx
FN:17,ConfirmDialog
FN:29,(anonymous_1)
FN:31,(anonymous_2)
FN:34,handleConfirm
FNF:4
FNH:4
FNDA:10,ConfirmDialog
FNDA:8,(anonymous_1)
FNDA:8,(anonymous_2)
FNDA:2,handleConfirm
DA:26,10
DA:27,10
DA:29,10
DA:30,8
DA:31,8
DA:35,2
DA:36,2
DA:37,2
DA:41,2
DA:45,10
DA:47,10
LF:11
LH:11
BRDA:20,0,0,10
BRDA:22,1,0,10
BRDA:41,2,0,1
BRDA:41,2,1,1
BRDA:45,3,0,10
BRDA:45,3,1,9
BRDA:58,4,0,10
BRDA:58,4,1,0
BRDA:60,5,0,1
BRDA:60,5,1,9
BRDA:63,6,0,1
BRDA:63,6,1,9
BRDA:65,7,0,1
BRDA:65,7,1,0
BRF:14
BRH:12
end_of_record
TN:
SF:src/components/ImportExportModal.tsx
FN:28,ImportExportModal
FN:36,openModal
FN:37,closeModal
FN:39,handleExportJson
FN:49,handleExportCsv
FN:59,handleImportJson
FN:72,handleImportCsv
FN:88,(anonymous_7)
FN:90,(anonymous_8)
FN:95,(anonymous_9)
FN:135,(anonymous_10)
FN:140,(anonymous_11)
FN:166,ActionCard
FN:198,downloadBlob
FNF:14
FNH:0
FNDA:0,ImportExportModal
FNDA:0,openModal
FNDA:0,closeModal
FNDA:0,handleExportJson
FNDA:0,handleExportCsv
FNDA:0,handleImportJson
FNDA:0,handleImportCsv
FNDA:0,(anonymous_7)
FNDA:0,(anonymous_8)
FNDA:0,(anonymous_9)
FNDA:0,(anonymous_10)
FNDA:0,(anonymous_11)
FNDA:0,ActionCard
FNDA:0,downloadBlob
DA:29,0
DA:30,0
DA:32,0
DA:33,0
DA:34,0
DA:36,0
DA:37,0
DA:40,0
DA:41,0
DA:42,0
DA:43,0
DA:44,0
DA:45,0
DA:46,0
DA:50,0
DA:51,0
DA:52,0
DA:53,0
DA:54,0
DA:55,0
DA:56,0
DA:60,0
DA:61,0
DA:62,0
DA:63,0
DA:64,0
DA:65,0
DA:66,0
DA:67,0
DA:68,0
DA:69,0
DA:73,0
DA:74,0
DA:75,0
DA:76,0
DA:77,0
DA:78,0
DA:79,0
DA:80,0
DA:83,0
DA:88,0
DA:90,0
DA:95,0
DA:135,0
DA:140,0
DA:177,0
DA:180,0
DA:199,0
DA:200,0
DA:201,0
DA:202,0
DA:203,0
LF:52
LH:0
BRDA:37,0,0,0
BRDA:37,0,1,0
BRDA:64,1,0,0
BRDA:64,1,1,0
BRDA:69,2,0,0
BRDA:69,2,1,0
BRDA:80,3,0,0
BRDA:80,3,1,0
BRDA:87,4,0,0
BRDA:87,4,1,0
BRDA:88,5,0,0
BRDA:88,5,1,0
BRDA:90,6,0,0
BRDA:90,6,1,0
BRDA:92,7,0,0
BRDA:92,7,1,0
BRDA:95,8,0,0
BRDA:95,8,1,0
BRDA:127,9,0,0
BRDA:127,9,1,0
BRDA:144,10,0,0
BRDA:144,10,1,0
BRDA:149,11,0,0
BRDA:149,11,1,0
BRDA:177,12,0,0
BRDA:177,12,1,0
BRDA:185,13,0,0
BRDA:185,13,1,0
BRDA:191,14,0,0
BRDA:191,14,1,0
BRF:30
BRH:0
end_of_record
TN:
SF:src/components/Modal.tsx
FN:18,Modal
FN:23,(anonymous_1)
FN:24,onKey
FN:28,(anonymous_3)
FN:31,(anonymous_4)
FN:33,(anonymous_5)
FN:40,(anonymous_6)
FN:54,(anonymous_7)
FNF:8
FNH:7
FNDA:24,Modal
FNDA:24,(anonymous_1)
FNDA:0,onKey
FNDA:24,(anonymous_3)
FNDA:18,(anonymous_4)
FNDA:18,(anonymous_5)
FNDA:5,(anonymous_6)
FNDA:1,(anonymous_7)
DA:21,24
DA:23,24
DA:25,0
DA:27,24
DA:28,24
DA:31,24
DA:32,18
DA:33,18
DA:36,24
DA:40,5
DA:54,1
LF:11
LH:10
BRDA:19,0,0,24
BRDA:19,1,0,24
BRDA:25,2,0,0
BRDA:25,2,1,0
BRDA:25,3,0,0
BRDA:25,3,1,0
BRDA:40,4,0,0
BRDA:40,4,1,5
BRDA:40,5,0,5
BRDA:40,5,1,0
BRDA:51,6,0,24
BRDA:51,6,1,7
BRDA:54,7,0,1
BRDA:54,7,1,0
BRDA:58,8,0,18
BRDA:58,8,1,6
BRF:16
BRH:9
end_of_record
TN:
SF:src/components/NavChart.tsx
FN:12,NavChart
FN:31,(anonymous_1)
FN:36,(anonymous_2)
FN:37,(anonymous_3)
FN:54,(anonymous_4)
FN:62,(anonymous_5)
FN:73,(anonymous_6)
FNF:7
FNH:0
FNDA:0,NavChart
FNDA:0,(anonymous_1)
FNDA:0,(anonymous_2)
FNDA:0,(anonymous_3)
FNDA:0,(anonymous_4)
FNDA:0,(anonymous_5)
FNDA:0,(anonymous_6)
DA:13,0
DA:14,0
DA:16,0
DA:17,0
DA:18,0
DA:19,0
DA:20,0
DA:21,0
DA:23,0
DA:24,0
DA:31,0
DA:36,0
DA:37,0
DA:40,0
DA:41,0
DA:42,0
DA:43,0
DA:45,0
DA:54,0
DA:62,0
DA:75,0
DA:78,0
LF:22
LH:0
BRDA:16,0,0,0
BRDA:16,0,1,0
BRDA:17,1,0,0
BRDA:17,1,1,0
BRDA:18,2,0,0
BRDA:18,2,1,0
BRDA:19,3,0,0
BRDA:19,3,1,0
BRDA:20,4,0,0
BRDA:20,4,1,0
BRDA:21,5,0,0
BRDA:21,5,1,0
BRDA:23,6,0,0
BRDA:23,6,1,0
BRDA:40,7,0,0
BRDA:40,7,1,0
BRDA:41,8,0,0
BRDA:41,8,1,0
BRDA:43,9,0,0
BRDA:43,9,1,0
BRDA:75,10,0,0
BRDA:75,10,1,0
BRDA:77,11,0,0
BRDA:77,11,1,0
BRF:24
BRH:0
end_of_record
TN:
SF:src/components/Navbar.tsx
FN:9,SunIcon
FN:18,MoonIcon
FN:26,LogoIcon
FN:45,ThemeToggle
FN:50,(anonymous_4)
FN:62,(anonymous_5)
FN:77,Navbar
FN:98,(anonymous_7)
FN:103,(anonymous_8)
FNF:9
FNH:7
FNDA:3,SunIcon
FNDA:3,MoonIcon
FNDA:3,LogoIcon
FNDA:3,ThemeToggle
FNDA:0,(anonymous_4)
FNDA:0,(anonymous_5)
FNDA:3,Navbar
FNDA:6,(anonymous_7)
FNDA:6,(anonymous_8)
DA:4,1
DA:10,3
DA:19,3
DA:27,3
DA:46,3
DA:47,3
DA:50,0
DA:62,0
DA:78,3
DA:99,6
DA:104,6
LF:11
LH:9
BRDA:54,0,0,3
BRDA:54,0,1,0
BRDA:66,1,0,0
BRDA:66,1,1,3
BRDA:105,2,0,3
BRDA:105,2,1,3
BRF:6
BRH:4
end_of_record
TN:
SF:src/components/PortfolioAggregateChart.tsx
FN:23,PortfolioAggregateChart
FN:44,(anonymous_1)
FN:47,(anonymous_2)
FN:69,(anonymous_3)
FN:74,(anonymous_4)
FN:153,(anonymous_5)
FN:161,(anonymous_6)
FN:166,(anonymous_7)
FN:171,(anonymous_8)
FN:204,PerformanceTooltip
FNF:10
FNH:0
FNDA:0,PortfolioAggregateChart
FNDA:0,(anonymous_1)
FNDA:0,(anonymous_2)
FNDA:0,(anonymous_3)
FNDA:0,(anonymous_4)
FNDA:0,(anonymous_5)
FNDA:0,(anonymous_6)
FNDA:0,(anonymous_7)
FNDA:0,(anonymous_8)
FNDA:0,PerformanceTooltip
DA:17,0
DA:21,0
DA:30,0
DA:31,0
DA:33,0
DA:34,0
DA:36,0
DA:37,0
DA:39,0
DA:40,0
DA:41,0
DA:43,0
DA:44,0
DA:46,0
DA:47,0
DA:49,0
DA:50,0
DA:51,0
DA:53,0
DA:55,0
DA:70,0
DA:71,0
DA:74,0
DA:153,0
DA:161,0
DA:166,0
DA:172,0
DA:205,0
DA:206,0
DA:207,0
DA:209,0
LF:31
LH:0
BRDA:33,0,0,0
BRDA:33,0,1,0
BRDA:34,1,0,0
BRDA:34,1,1,0
BRDA:39,2,0,0
BRDA:39,2,1,0
BRDA:40,3,0,0
BRDA:40,3,1,0
BRDA:43,4,0,0
BRDA:43,4,1,0
BRDA:46,5,0,0
BRDA:46,5,1,0
BRDA:53,6,0,0
BRDA:53,6,1,0
BRDA:77,7,0,0
BRDA:77,7,1,0
BRDA:92,8,0,0
BRDA:92,8,1,0
BRDA:99,9,0,0
BRDA:99,9,1,0
BRDA:103,10,0,0
BRDA:103,10,1,0
BRDA:122,11,0,0
BRDA:122,11,1,0
BRDA:126,12,0,0
BRDA:126,12,1,0
BRDA:135,13,0,0
BRDA:135,13,1,0
BRDA:139,14,0,0
BRDA:139,14,1,0
BRDA:172,15,0,0
BRDA:172,15,1,0
BRDA:205,16,0,0
BRDA:205,16,1,0
BRDA:205,17,0,0
BRDA:205,17,1,0
BRDA:207,18,0,0
BRDA:207,18,1,0
BRDA:213,19,0,0
BRDA:213,19,1,0
BRDA:214,20,0,0
BRDA:214,20,1,0
BRDA:215,21,0,0
BRDA:215,21,1,0
BRDA:218,22,0,0
BRDA:218,22,1,0
BRDA:229,23,0,0
BRDA:229,23,1,0
BRDA:229,24,0,0
BRDA:229,24,1,0
BRDA:229,25,0,0
BRDA:229,25,1,0
BRDA:230,26,0,0
BRDA:230,26,1,0
BRF:54
BRH:0
end_of_record
TN:
SF:src/components/PortfolioFormModal.tsx
FN:14,PortfolioFormModal
FN:22,handleSubmit
FN:56,(anonymous_2)
FN:69,(anonymous_3)
FNF:4
FNH:0
FNDA:0,PortfolioFormModal
FNDA:0,handleSubmit
FNDA:0,(anonymous_2)
FNDA:0,(anonymous_3)
DA:15,0
DA:17,0
DA:18,0
DA:19,0
DA:20,0
DA:23,0
DA:24,0
DA:25,0
DA:26,0
DA:27,0
DA:28,0
DA:29,0
DA:32,0
DA:34,0
DA:36,0
DA:40,0
DA:56,0
DA:69,0
LF:18
LH:0
BRDA:17,0,0,0
BRDA:17,0,1,0
BRDA:18,1,0,0
BRDA:18,1,1,0
BRDA:24,2,0,0
BRDA:24,2,1,0
BRDA:28,3,0,0
BRDA:28,3,1,0
BRDA:29,4,0,0
BRDA:29,4,1,0
BRDA:42,5,0,0
BRDA:42,5,1,0
BRDA:43,6,0,0
BRDA:43,6,1,0
BRDA:77,7,0,0
BRDA:77,7,1,0
BRDA:77,8,0,0
BRDA:77,8,1,0
BRF:18
BRH:0
end_of_record
TN:
SF:src/components/PortfolioImportExport.tsx
FN:11,PortfolioImportExport
FN:20,openModal
FN:21,closeModal
FN:23,handleExportJson
FN:33,handleExportCsv
FN:43,recalculateAll
FN:46,(anonymous_6)
FN:50,handleImportJson
FN:63,handleImportCsv
FN:80,(anonymous_9)
FN:82,(anonymous_10)
FN:87,(anonymous_11)
FN:127,(anonymous_12)
FN:134,(anonymous_13)
FN:166,formatImportSummary
FN:173,downloadBlob
FN:181,todayStamp
FNF:17
FNH:0
FNDA:0,PortfolioImportExport
FNDA:0,openModal
FNDA:0,closeModal
FNDA:0,handleExportJson
FNDA:0,handleExportCsv
FNDA:0,recalculateAll
FNDA:0,(anonymous_6)
FNDA:0,handleImportJson
FNDA:0,handleImportCsv
FNDA:0,(anonymous_9)
FNDA:0,(anonymous_10)
FNDA:0,(anonymous_11)
FNDA:0,(anonymous_12)
FNDA:0,(anonymous_13)
FNDA:0,formatImportSummary
FNDA:0,downloadBlob
FNDA:0,todayStamp
DA:12,0
DA:13,0
DA:15,0
DA:16,0
DA:17,0
DA:18,0
DA:20,0
DA:21,0
DA:24,0
DA:25,0
DA:26,0
DA:27,0
DA:28,0
DA:29,0
DA:30,0
DA:34,0
DA:35,0
DA:36,0
DA:37,0
DA:38,0
DA:39,0
DA:40,0
DA:44,0
DA:45,0
DA:46,0
DA:51,0
DA:52,0
DA:53,0
DA:54,0
DA:55,0
DA:56,0
DA:57,0
DA:58,0
DA:59,0
DA:60,0
DA:64,0
DA:65,0
DA:66,0
DA:67,0
DA:68,0
DA:69,0
DA:70,0
DA:71,0
DA:72,0
DA:75,0
DA:80,0
DA:82,0
DA:87,0
DA:127,0
DA:134,0
DA:167,0
DA:170,0
DA:174,0
DA:175,0
DA:176,0
DA:177,0
DA:178,0
DA:182,0
DA:183,0
DA:184,0
DA:185,0
DA:186,0
LF:62
LH:0
BRDA:21,0,0,0
BRDA:21,0,1,0
BRDA:56,1,0,0
BRDA:56,1,1,0
BRDA:60,2,0,0
BRDA:60,2,1,0
BRDA:68,3,0,0
BRDA:68,3,1,0
BRDA:72,4,0,0
BRDA:72,4,1,0
BRDA:80,5,0,0
BRDA:80,5,1,0
BRDA:82,6,0,0
BRDA:82,6,1,0
BRDA:84,7,0,0
BRDA:84,7,1,0
BRDA:87,8,0,0
BRDA:87,8,1,0
BRDA:107,9,0,0
BRDA:107,9,1,0
BRDA:108,10,0,0
BRDA:108,10,1,0
BRDA:114,11,0,0
BRDA:114,11,1,0
BRDA:115,12,0,0
BRDA:115,12,1,0
BRDA:130,13,0,0
BRDA:130,13,1,0
BRDA:131,14,0,0
BRDA:131,14,1,0
BRDA:137,15,0,0
BRDA:137,15,1,0
BRDA:138,16,0,0
BRDA:138,16,1,0
BRDA:144,17,0,0
BRDA:144,17,1,0
BRDA:149,18,0,0
BRDA:149,18,1,0
BRDA:167,19,0,0
BRDA:167,19,1,0
BRF:40
BRH:0
end_of_record
TN:
SF:src/components/SyncAllButton.tsx
FN:25,SyncAllButton
FN:34,patchRow
FN:35,(anonymous_2)
FN:36,(anonymous_3)
FN:41,runSync
FN:66,(anonymous_5)
FN:110,(anonymous_6)
FN:111,(anonymous_7)
FN:112,(anonymous_8)
FN:123,(anonymous_9)
FN:143,(anonymous_10)
FN:171,(anonymous_11)
FN:175,(anonymous_12)
FN:192,(anonymous_13)
FN:213,(anonymous_14)
FN:221,(anonymous_15)
FN:233,RowItem
FN:286,StatusIcon
FNF:18
FNH:15
FNDA:13,SyncAllButton
FNDA:6,patchRow
FNDA:6,(anonymous_2)
FNDA:10,(anonymous_3)
FNDA:4,runSync
FNDA:3,(anonymous_5)
FNDA:3,(anonymous_6)
FNDA:3,(anonymous_7)
FNDA:3,(anonymous_8)
FNDA:3,(anonymous_9)
FNDA:1,(anonymous_10)
FNDA:1,(anonymous_11)
FNDA:0,(anonymous_12)
FNDA:0,(anonymous_13)
FNDA:3,(anonymous_14)
FNDA:0,(anonymous_15)
FNDA:3,RowItem
FNDA:3,StatusIcon
DA:26,13
DA:27,13
DA:28,13
DA:29,13
DA:30,13
DA:31,13
DA:35,6
DA:36,10
DA:42,4
DA:43,4
DA:44,4
DA:45,4
DA:46,4
DA:50,4
DA:51,4
DA:53,1
DA:54,1
DA:55,1
DA:58,3
DA:59,1
DA:60,1
DA:61,1
DA:65,2
DA:66,3
DA:75,2
DA:77,4
DA:78,3
DA:79,3
DA:80,3
DA:83,3
DA:84,2
DA:90,2
DA:100,1
DA:104,2
DA:105,2
DA:109,13
DA:110,13
DA:111,13
DA:112,13
DA:115,13
DA:123,3
DA:143,1
DA:172,1
DA:173,1
DA:175,0
DA:192,0
DA:214,3
DA:221,0
DA:234,3
DA:237,3
DA:245,3
DA:287,3
DA:288,0
DA:296,3
DA:297,2
DA:299,1
DA:300,1
DA:303,0
LF:58
LH:53
BRDA:36,0,0,6
BRDA:36,0,1,4
BRDA:58,1,0,1
BRDA:58,1,1,2
BRDA:75,2,0,1
BRDA:75,2,1,1
BRDA:83,3,0,1
BRDA:83,3,1,2
BRDA:92,4,0,2
BRDA:92,4,1,0
BRDA:93,5,0,0
BRDA:93,5,1,0
BRDA:95,6,0,3
BRDA:95,6,1,0
BRDA:96,7,0,3
BRDA:96,7,1,0
BRDA:110,8,0,3
BRDA:110,8,1,1
BRDA:110,8,2,1
BRDA:111,9,0,3
BRDA:111,9,1,1
BRDA:123,10,0,3
BRDA:123,10,1,0
BRDA:124,11,0,13
BRDA:124,11,1,4
BRDA:126,12,0,4
BRDA:126,12,1,9
BRDA:129,13,0,3
BRDA:129,13,1,10
BRDA:129,14,0,13
BRDA:129,14,1,4
BRDA:143,15,0,1
BRDA:143,15,1,0
BRDA:144,16,0,13
BRDA:144,16,1,4
BRDA:146,17,0,4
BRDA:146,17,1,9
BRDA:150,18,0,1
BRDA:150,18,1,12
BRDA:150,19,0,13
BRDA:150,19,1,4
BRDA:164,20,0,13
BRDA:164,20,1,1
BRDA:180,21,0,13
BRDA:180,21,1,8
BRDA:182,22,0,2
BRDA:182,22,1,6
BRDA:184,23,0,4
BRDA:184,23,1,4
BRDA:185,24,0,0
BRDA:185,24,1,4
BRDA:188,25,0,2
BRDA:188,25,1,2
BRDA:196,26,0,8
BRDA:196,26,1,2
BRDA:199,27,0,8
BRDA:199,27,1,4
BRDA:199,27,2,4
BRDA:199,27,3,4
BRDA:211,28,0,8
BRDA:211,28,1,2
BRDA:219,29,0,8
BRDA:219,29,1,4
BRDA:219,29,2,2
BRDA:237,30,0,2
BRDA:237,30,1,1
BRDA:237,31,0,3
BRDA:237,31,1,1
BRDA:239,32,0,1
BRDA:239,32,1,0
BRDA:241,33,0,0
BRDA:241,33,1,0
BRDA:256,34,0,3
BRDA:256,34,1,2
BRDA:260,35,0,3
BRDA:260,35,1,1
BRDA:268,36,0,3
BRDA:268,36,1,1
BRDA:268,36,2,2
BRDA:271,37,0,3
BRDA:271,37,1,1
BRDA:274,38,0,3
BRDA:274,38,1,0
BRDA:277,39,0,3
BRDA:277,39,1,0
BRDA:287,40,0,0
BRDA:287,40,1,3
BRDA:296,41,0,2
BRDA:296,41,1,1
BRDA:296,42,0,3
BRDA:296,42,1,1
BRDA:299,43,0,1
BRDA:299,43,1,0
BRF:93
BRH:78
end_of_record
TN:
SF:src/components/SyncButton.tsx
FN:11,SyncButton
FN:15,handleSync
FN:38,(anonymous_2)
FNF:3
FNH:3
FNDA:16,SyncButton
FNDA:5,handleSync
FNDA:5,(anonymous_2)
DA:12,16
DA:13,16
DA:16,5
DA:17,5
DA:18,5
DA:19,5
DA:20,4
DA:21,4
DA:22,5
DA:24,1
DA:25,1
DA:29,16
DA:31,16
DA:38,5
LF:14
LH:14
BRDA:21,0,0,1
BRDA:21,0,1,3
BRDA:22,1,0,3
BRDA:22,1,1,2
BRDA:22,2,0,5
BRDA:22,2,1,2
BRDA:38,3,0,5
BRDA:38,3,1,0
BRDA:41,4,0,5
BRDA:41,4,1,11
BRDA:44,5,0,5
BRDA:44,5,1,11
BRDA:51,6,0,16
BRDA:51,6,1,5
BRDA:53,7,0,2
BRDA:53,7,1,3
BRDA:57,8,0,2
BRDA:57,8,1,3
BRDA:58,9,0,2
BRDA:58,9,1,0
BRDA:61,10,0,2
BRDA:61,10,1,1
BRDA:62,11,0,3
BRDA:62,11,1,1
BRF:24
BRH:22
end_of_record
TN:
SF:src/components/SyncJobHistory.tsx
FN:20,SyncJobHistory
FN:24,(anonymous_1)
FN:27,fetchJobs
FN:56,(anonymous_3)
FN:64,(anonymous_4)
FN:91,StatusChip
FNF:6
FNH:6
FNDA:11,SyncJobHistory
FNDA:5,(anonymous_1)
FNDA:5,fetchJobs
FNDA:24,(anonymous_3)
FNDA:4,(anonymous_4)
FNDA:4,StatusChip
DA:21,11
DA:22,11
DA:24,11
DA:25,5
DA:28,5
DA:29,5
DA:32,5
DA:33,4
DA:35,1
DA:37,5
DA:41,5
DA:44,11
DA:45,6
DA:47,4
DA:57,24
DA:65,4
DA:92,4
DA:99,4
LF:18
LH:18
BRDA:20,0,0,11
BRDA:32,1,0,1
BRDA:32,1,1,4
BRDA:44,2,0,5
BRDA:44,2,1,6
BRDA:45,3,0,2
BRDA:45,3,1,4
BRDA:75,4,0,1
BRDA:75,4,1,3
BRDA:101,5,0,4
BRDA:101,5,1,0
BRF:11
BRH:10
end_of_record
TN:
SF:src/components/TemplateBuyModal.tsx
FN:17,TemplateBuyModal
FN:31,(anonymous_1)
FN:32,(anonymous_2)
FN:35,(anonymous_3)
FN:38,(anonymous_4)
FN:39,(anonymous_5)
FN:44,(anonymous_6)
FN:45,(anonymous_7)
FN:48,(anonymous_8)
FN:50,(anonymous_9)
FN:54,(anonymous_10)
FN:67,(anonymous_11)
FN:68,(anonymous_12)
FN:69,(anonymous_13)
FN:71,(anonymous_14)
FN:74,handleSubmit
FN:113,(anonymous_16)
FN:115,(anonymous_17)
FN:127,(anonymous_18)
FN:135,(anonymous_19)
FN:142,(anonymous_20)
FN:152,(anonymous_21)
FN:193,(anonymous_22)
FNF:23
FNH:0
FNDA:0,TemplateBuyModal
FNDA:0,(anonymous_1)
FNDA:0,(anonymous_2)
FNDA:0,(anonymous_3)
FNDA:0,(anonymous_4)
FNDA:0,(anonymous_5)
FNDA:0,(anonymous_6)
FNDA:0,(anonymous_7)
FNDA:0,(anonymous_8)
FNDA:0,(anonymous_9)
FNDA:0,(anonymous_10)
FNDA:0,(anonymous_11)
FNDA:0,(anonymous_12)
FNDA:0,(anonymous_13)
FNDA:0,(anonymous_14)
FNDA:0,handleSubmit
FNDA:0,(anonymous_16)
FNDA:0,(anonymous_17)
FNDA:0,(anonymous_18)
FNDA:0,(anonymous_19)
FNDA:0,(anonymous_20)
FNDA:0,(anonymous_21)
FNDA:0,(anonymous_22)
DA:8,0
DA:18,0
DA:19,0
DA:20,0
DA:21,0
DA:22,0
DA:23,0
DA:24,0
DA:25,0
DA:27,0
DA:28,0
DA:29,0
DA:31,0
DA:32,0
DA:33,0
DA:34,0
DA:35,0
DA:38,0
DA:39,0
DA:43,0
DA:44,0
DA:45,0
DA:48,0
DA:50,0
DA:51,0
DA:54,0
DA:55,0
DA:56,0
DA:57,0
DA:58,0
DA:59,0
DA:62,0
DA:63,0
DA:64,0
DA:66,0
DA:67,0
DA:68,0
DA:69,0
DA:71,0
DA:75,0
DA:76,0
DA:77,0
DA:78,0
DA:79,0
DA:80,0
DA:82,0
DA:83,0
DA:84,0
DA:91,0
DA:93,0
DA:95,0
DA:99,0
DA:113,0
DA:116,0
DA:127,0
DA:135,0
DA:142,0
DA:152,0
DA:194,0
DA:195,0
DA:196,0
DA:197,0
LF:62
LH:0
BRDA:20,0,0,0
BRDA:20,0,1,0
BRDA:34,1,0,0
BRDA:34,1,1,0
BRDA:39,2,0,0
BRDA:39,2,1,0
BRDA:43,3,0,0
BRDA:43,3,1,0
BRDA:45,4,0,0
BRDA:45,4,1,0
BRDA:51,5,0,0
BRDA:51,5,1,0
BRDA:55,6,0,0
BRDA:55,6,1,0
BRDA:55,7,0,0
BRDA:55,7,1,0
BRDA:67,8,0,0
BRDA:67,8,1,0
BRDA:68,9,0,0
BRDA:68,9,1,0
BRDA:69,10,0,0
BRDA:69,10,1,0
BRDA:77,11,0,0
BRDA:77,11,1,0
BRDA:78,12,0,0
BRDA:78,12,1,0
BRDA:79,13,0,0
BRDA:79,13,1,0
BRDA:80,14,0,0
BRDA:80,14,1,0
BRDA:87,15,0,0
BRDA:87,15,1,0
BRDA:89,16,0,0
BRDA:89,16,1,0
BRDA:164,17,0,0
BRDA:164,17,1,0
BRDA:177,18,0,0
BRDA:177,18,1,0
BRDA:180,19,0,0
BRDA:180,19,1,0
BRDA:184,20,0,0
BRDA:184,20,1,0
BRDA:184,20,2,0
BRDA:184,20,3,0
BRDA:188,21,0,0
BRDA:188,21,1,0
BRDA:188,21,2,0
BRDA:188,21,3,0
BRDA:188,21,4,0
BRDA:194,22,0,0
BRDA:194,22,1,0
BRDA:195,23,0,0
BRDA:195,23,1,0
BRDA:195,24,0,0
BRDA:195,24,1,0
BRDA:196,25,0,0
BRDA:196,25,1,0
BRDA:203,26,0,0
BRDA:203,26,1,0
BRDA:207,27,0,0
BRDA:207,27,1,0
BRDA:210,28,0,0
BRDA:210,28,1,0
BRDA:213,29,0,0
BRDA:213,29,1,0
BRDA:236,30,0,0
BRDA:236,30,1,0
BRDA:236,30,2,0
BRDA:239,31,0,0
BRDA:239,31,1,0
BRDA:245,32,0,0
BRDA:245,32,1,0
BRF:72
BRH:0
end_of_record
TN:
SF:src/components/TemplateFormModal.tsx
FN:18,TemplateFormModal
FN:26,(anonymous_1)
FN:32,(anonymous_2)
FN:33,(anonymous_3)
FN:36,(anonymous_4)
FN:37,(anonymous_5)
FN:41,updateRow
FN:42,(anonymous_7)
FN:42,(anonymous_8)
FN:45,removeRow
FN:46,(anonymous_10)
FN:46,(anonymous_11)
FN:49,addRow
FN:50,(anonymous_13)
FN:53,handleSubmit
FN:61,(anonymous_15)
FN:62,(anonymous_16)
FN:66,(anonymous_17)
FN:69,(anonymous_18)
FN:108,(anonymous_19)
FN:118,(anonymous_20)
FN:129,(anonymous_21)
FN:134,(anonymous_22)
FN:137,(anonymous_23)
FN:146,(anonymous_24)
FN:152,(anonymous_25)
FNF:26
FNH:0
FNDA:0,TemplateFormModal
FNDA:0,(anonymous_1)
FNDA:0,(anonymous_2)
FNDA:0,(anonymous_3)
FNDA:0,(anonymous_4)
FNDA:0,(anonymous_5)
FNDA:0,updateRow
FNDA:0,(anonymous_7)
FNDA:0,(anonymous_8)
FNDA:0,removeRow
FNDA:0,(anonymous_10)
FNDA:0,(anonymous_11)
FNDA:0,addRow
FNDA:0,(anonymous_13)
FNDA:0,handleSubmit
FNDA:0,(anonymous_15)
FNDA:0,(anonymous_16)
FNDA:0,(anonymous_17)
FNDA:0,(anonymous_18)
FNDA:0,(anonymous_19)
FNDA:0,(anonymous_20)
FNDA:0,(anonymous_21)
FNDA:0,(anonymous_22)
FNDA:0,(anonymous_23)
FNDA:0,(anonymous_24)
FNDA:0,(anonymous_25)
DA:19,0
DA:21,0
DA:22,0
DA:23,0
DA:24,0
DA:26,0
DA:29,0
DA:30,0
DA:32,0
DA:33,0
DA:36,0
DA:37,0
DA:42,0
DA:46,0
DA:50,0
DA:54,0
DA:55,0
DA:57,0
DA:58,0
DA:60,0
DA:61,0
DA:62,0
DA:64,0
DA:66,0
DA:67,0
DA:69,0
DA:70,0
DA:72,0
DA:73,0
DA:74,0
DA:75,0
DA:78,0
DA:80,0
DA:82,0
DA:88,0
DA:94,0
DA:108,0
DA:118,0
DA:130,0
DA:134,0
DA:138,0
DA:146,0
DA:152,0
LF:43
LH:0
BRDA:22,0,0,0
BRDA:22,0,1,0
BRDA:23,1,0,0
BRDA:23,1,1,0
BRDA:25,2,0,0
BRDA:25,2,1,0
BRDA:37,3,0,0
BRDA:37,3,1,0
BRDA:42,4,0,0
BRDA:42,4,1,0
BRDA:46,5,0,0
BRDA:46,5,1,0
BRDA:58,6,0,0
BRDA:58,6,1,0
BRDA:61,7,0,0
BRDA:61,7,1,0
BRDA:61,8,0,0
BRDA:61,8,1,0
BRDA:64,9,0,0
BRDA:64,9,1,0
BRDA:67,10,0,0
BRDA:67,10,1,0
BRDA:70,11,0,0
BRDA:70,11,1,0
BRDA:74,12,0,0
BRDA:74,12,1,0
BRDA:75,13,0,0
BRDA:75,13,1,0
BRDA:88,14,0,0
BRDA:88,14,1,0
BRDA:90,15,0,0
BRDA:90,15,1,0
BRDA:96,16,0,0
BRDA:96,16,1,0
BRDA:97,17,0,0
BRDA:97,17,1,0
BRDA:176,18,0,0
BRDA:176,18,1,0
BRDA:176,19,0,0
BRDA:176,19,1,0
BRF:40
BRH:0
end_of_record
TN:
SF:src/components/TemplatePerformanceChart.tsx
FN:25,TemplatePerformanceChart
FN:42,(anonymous_1)
FN:45,(anonymous_2)
FN:50,(anonymous_3)
FN:54,(anonymous_4)
FN:76,(anonymous_5)
FN:93,(anonymous_6)
FN:99,(anonymous_7)
FN:104,selectFixed
FN:109,openCustom
FN:116,applyCustom
FN:153,(anonymous_11)
FN:156,(anonymous_12)
FN:194,(anonymous_13)
FN:205,(anonymous_14)
FN:218,(anonymous_15)
FN:262,(anonymous_16)
FN:270,(anonymous_17)
FN:292,ChartTooltip
FNF:19
FNH:0
FNDA:0,TemplatePerformanceChart
FNDA:0,(anonymous_1)
FNDA:0,(anonymous_2)
FNDA:0,(anonymous_3)
FNDA:0,(anonymous_4)
FNDA:0,(anonymous_5)
FNDA:0,(anonymous_6)
FNDA:0,(anonymous_7)
FNDA:0,selectFixed
FNDA:0,openCustom
FNDA:0,applyCustom
FNDA:0,(anonymous_11)
FNDA:0,(anonymous_12)
FNDA:0,(anonymous_13)
FNDA:0,(anonymous_14)
FNDA:0,(anonymous_15)
FNDA:0,(anonymous_16)
FNDA:0,(anonymous_17)
FNDA:0,ChartTooltip
DA:14,0
DA:16,0
DA:18,0
DA:26,0
DA:27,0
DA:30,0
DA:31,0
DA:32,0
DA:33,0
DA:34,0
DA:37,0
DA:38,0
DA:39,0
DA:42,0
DA:43,0
DA:44,0
DA:46,0
DA:47,0
DA:48,0
DA:54,0
DA:55,0
DA:56,0
DA:57,0
DA:59,0
DA:60,0
DA:61,0
DA:62,0
DA:68,0
DA:70,0
DA:72,0
DA:76,0
DA:79,0
DA:80,0
DA:82,0
DA:83,0
DA:85,0
DA:88,0
DA:90,0
DA:91,0
DA:93,0
DA:94,0
DA:95,0
DA:96,0
DA:97,0
DA:98,0
DA:99,0
DA:101,0
DA:105,0
DA:106,0
DA:110,0
DA:111,0
DA:117,0
DA:120,0
DA:121,0
DA:123,0
DA:128,0
DA:154,0
DA:156,0
DA:194,0
DA:205,0
DA:218,0
DA:262,0
DA:270,0
DA:293,0
DA:294,0
DA:295,0
DA:296,0
LF:67
LH:0
BRDA:43,0,0,0
BRDA:43,0,1,0
BRDA:55,1,0,0
BRDA:55,1,1,0
BRDA:56,2,0,0
BRDA:56,2,1,0
BRDA:57,3,0,0
BRDA:57,3,1,0
BRDA:57,4,0,0
BRDA:57,4,1,0
BRDA:57,4,2,0
BRDA:65,5,0,0
BRDA:65,5,1,0
BRDA:66,6,0,0
BRDA:66,6,1,0
BRDA:70,7,0,0
BRDA:70,7,1,0
BRDA:79,8,0,0
BRDA:79,8,1,0
BRDA:80,9,0,0
BRDA:80,9,1,0
BRDA:82,10,0,0
BRDA:82,10,1,0
BRDA:83,11,0,0
BRDA:83,11,1,0
BRDA:85,12,0,0
BRDA:85,12,1,0
BRDA:85,13,0,0
BRDA:85,13,1,0
BRDA:85,13,2,0
BRDA:88,14,0,0
BRDA:88,14,1,0
BRDA:90,15,0,0
BRDA:90,15,1,0
BRDA:94,16,0,0
BRDA:94,16,1,0
BRDA:95,17,0,0
BRDA:95,17,1,0
BRDA:99,18,0,0
BRDA:99,18,1,0
BRDA:99,19,0,0
BRDA:99,19,1,0
BRDA:101,20,0,0
BRDA:101,20,1,0
BRDA:101,20,2,0
BRDA:120,21,0,0
BRDA:120,21,1,0
BRDA:136,22,0,0
BRDA:136,22,1,0
BRDA:136,22,2,0
BRDA:136,22,3,0
BRDA:136,22,4,0
BRDA:138,23,0,0
BRDA:138,23,1,0
BRDA:140,24,0,0
BRDA:140,24,1,0
BRDA:143,25,0,0
BRDA:143,25,1,0
BRDA:143,25,2,0
BRDA:143,25,3,0
BRDA:143,25,4,0
BRDA:159,26,0,0
BRDA:159,26,1,0
BRDA:171,27,0,0
BRDA:171,27,1,0
BRDA:172,28,0,0
BRDA:172,28,1,0
BRDA:174,29,0,0
BRDA:174,29,1,0
BRDA:185,30,0,0
BRDA:185,30,1,0
BRDA:185,30,2,0
BRDA:193,31,0,0
BRDA:193,31,1,0
BRDA:203,32,0,0
BRDA:203,32,1,0
BRDA:212,33,0,0
BRDA:212,33,1,0
BRDA:212,33,2,0
BRDA:218,34,0,0
BRDA:218,34,1,0
BRDA:232,35,0,0
BRDA:232,35,1,0
BRDA:239,36,0,0
BRDA:239,36,1,0
BRDA:243,37,0,0
BRDA:243,37,1,0
BRDA:293,38,0,0
BRDA:293,38,1,0
BRDA:293,39,0,0
BRDA:293,39,1,0
BRDA:295,40,0,0
BRDA:295,40,1,0
BRDA:300,41,0,0
BRDA:300,41,1,0
BRDA:301,42,0,0
BRDA:301,42,1,0
BRDA:302,43,0,0
BRDA:302,43,1,0
BRDA:305,44,0,0
BRDA:305,44,1,0
BRF:101
BRH:0
end_of_record
TN:
SF:src/components/TransactionFormModal.tsx
FN:53,NavTooltip
FN:65,(anonymous_1)
FN:66,(anonymous_2)
FN:67,(anonymous_3)
FN:68,(anonymous_4)
FN:107,TransactionFormModal
FN:129,(anonymous_6)
FN:130,(anonymous_7)
FN:131,(anonymous_8)
FN:134,(anonymous_9)
FN:136,handleTypeChange
FN:145,(anonymous_11)
FN:147,(anonymous_12)
FN:152,(anonymous_13)
FN:165,(anonymous_14)
FN:185,(anonymous_15)
FN:188,(anonymous_16)
FN:190,(anonymous_17)
FN:218,handleSubmit
FN:274,(anonymous_19)
FN:275,(anonymous_20)
FN:314,(anonymous_21)
FN:319,(anonymous_22)
FN:329,(anonymous_23)
FN:333,(anonymous_24)
FN:345,(anonymous_25)
FN:362,(anonymous_26)
FN:374,(anonymous_27)
FN:405,(anonymous_28)
FNF:29
FNH:0
FNDA:0,NavTooltip
FNDA:0,(anonymous_1)
FNDA:0,(anonymous_2)
FNDA:0,(anonymous_3)
FNDA:0,(anonymous_4)
FNDA:0,TransactionFormModal
FNDA:0,(anonymous_6)
FNDA:0,(anonymous_7)
FNDA:0,(anonymous_8)
FNDA:0,(anonymous_9)
FNDA:0,handleTypeChange
FNDA:0,(anonymous_11)
FNDA:0,(anonymous_12)
FNDA:0,(anonymous_13)
FNDA:0,(anonymous_14)
FNDA:0,(anonymous_15)
FNDA:0,(anonymous_16)
FNDA:0,(anonymous_17)
FNDA:0,handleSubmit
FNDA:0,(anonymous_19)
FNDA:0,(anonymous_20)
FNDA:0,(anonymous_21)
FNDA:0,(anonymous_22)
FNDA:0,(anonymous_23)
FNDA:0,(anonymous_24)
FNDA:0,(anonymous_25)
FNDA:0,(anonymous_26)
FNDA:0,(anonymous_27)
FNDA:0,(anonymous_28)
DA:8,0
DA:18,0
DA:41,0
DA:43,0
DA:54,0
DA:57,0
DA:62,0
DA:65,0
DA:66,0
DA:67,0
DA:68,0
DA:108,0
DA:110,0
DA:111,0
DA:112,0
DA:113,0
DA:114,0
DA:115,0
DA:116,0
DA:117,0
DA:118,0
DA:119,0
DA:121,0
DA:122,0
DA:123,0
DA:124,0
DA:126,0
DA:127,0
DA:129,0
DA:130,0
DA:131,0
DA:134,0
DA:137,0
DA:138,0
DA:139,0
DA:143,0
DA:145,0
DA:146,0
DA:147,0
DA:148,0
DA:152,0
DA:153,0
DA:154,0
DA:155,0
DA:156,0
DA:159,0
DA:160,0
DA:161,0
DA:162,0
DA:164,0
DA:166,0
DA:167,0
DA:168,0
DA:169,0
DA:170,0
DA:171,0
DA:173,0
DA:174,0
DA:179,0
DA:181,0
DA:182,0
DA:186,0
DA:188,0
DA:190,0
DA:193,0
DA:194,0
DA:195,0
DA:196,0
DA:197,0
DA:201,0
DA:207,0
DA:213,0
DA:219,0
DA:220,0
DA:221,0
DA:222,0
DA:223,0
DA:224,0
DA:226,0
DA:227,0
DA:230,0
DA:231,0
DA:232,0
DA:242,0
DA:245,0
DA:247,0
DA:249,0
DA:253,0
DA:259,0
DA:275,0
DA:314,0
DA:320,0
DA:329,0
DA:333,0
DA:345,0
DA:363,0
DA:364,0
DA:374,0
DA:405,0
LF:99
LH:0
BRDA:53,0,0,0
BRDA:57,1,0,0
BRDA:57,1,1,0
BRDA:58,2,0,0
BRDA:58,2,1,0
BRDA:59,3,0,0
BRDA:59,3,1,0
BRDA:76,4,0,0
BRDA:76,4,1,0
BRDA:94,5,0,0
BRDA:94,5,1,0
BRDA:112,6,0,0
BRDA:112,6,1,0
BRDA:113,7,0,0
BRDA:113,7,1,0
BRDA:114,8,0,0
BRDA:114,8,1,0
BRDA:115,9,0,0
BRDA:115,9,1,0
BRDA:116,10,0,0
BRDA:116,10,1,0
BRDA:117,11,0,0
BRDA:117,11,1,0
BRDA:118,12,0,0
BRDA:118,12,1,0
BRDA:119,13,0,0
BRDA:119,13,1,0
BRDA:138,14,0,0
BRDA:138,14,1,0
BRDA:138,15,0,0
BRDA:138,15,1,0
BRDA:138,15,2,0
BRDA:146,16,0,0
BRDA:146,16,1,0
BRDA:148,17,0,0
BRDA:148,17,1,0
BRDA:148,17,2,0
BRDA:153,18,0,0
BRDA:153,18,1,0
BRDA:153,19,0,0
BRDA:153,19,1,0
BRDA:166,20,0,0
BRDA:166,20,1,0
BRDA:167,21,0,0
BRDA:167,21,1,0
BRDA:169,22,0,0
BRDA:169,22,1,0
BRDA:169,23,0,0
BRDA:169,23,1,0
BRDA:173,24,0,0
BRDA:173,24,1,0
BRDA:175,25,0,0
BRDA:175,25,1,0
BRDA:186,26,0,0
BRDA:186,26,1,0
BRDA:188,27,0,0
BRDA:188,27,1,0
BRDA:193,28,0,0
BRDA:193,28,1,0
BRDA:194,29,0,0
BRDA:194,29,1,0
BRDA:195,30,0,0
BRDA:195,30,1,0
BRDA:197,31,0,0
BRDA:197,31,1,0
BRDA:197,31,2,0
BRDA:201,32,0,0
BRDA:201,32,1,0
BRDA:202,33,0,0
BRDA:202,33,1,0
BRDA:203,34,0,0
BRDA:203,34,1,0
BRDA:203,35,0,0
BRDA:203,35,1,0
BRDA:203,35,2,0
BRDA:207,36,0,0
BRDA:207,36,1,0
BRDA:208,37,0,0
BRDA:208,37,1,0
BRDA:209,38,0,0
BRDA:209,38,1,0
BRDA:213,39,0,0
BRDA:213,39,1,0
BRDA:214,40,0,0
BRDA:214,40,1,0
BRDA:215,41,0,0
BRDA:215,41,1,0
BRDA:221,42,0,0
BRDA:221,42,1,0
BRDA:222,43,0,0
BRDA:222,43,1,0
BRDA:223,44,0,0
BRDA:223,44,1,0
BRDA:224,45,0,0
BRDA:224,45,1,0
BRDA:226,46,0,0
BRDA:226,46,1,0
BRDA:227,47,0,0
BRDA:227,47,1,0
BRDA:236,48,0,0
BRDA:236,48,1,0
BRDA:240,49,0,0
BRDA:240,49,1,0
BRDA:242,50,0,0
BRDA:242,50,1,0
BRDA:253,51,0,0
BRDA:253,51,1,0
BRDA:253,52,0,0
BRDA:253,52,1,0
BRDA:254,53,0,0
BRDA:254,53,1,0
BRDA:261,54,0,0
BRDA:261,54,1,0
BRDA:262,55,0,0
BRDA:262,55,1,0
BRDA:262,56,0,0
BRDA:262,56,1,0
BRDA:277,57,0,0
BRDA:277,57,1,0
BRDA:279,58,0,0
BRDA:279,58,1,0
BRDA:286,59,0,0
BRDA:286,59,1,0
BRDA:301,60,0,0
BRDA:301,60,1,0
BRDA:302,61,0,0
BRDA:302,61,1,0
BRDA:308,62,0,0
BRDA:308,62,1,0
BRDA:316,63,0,0
BRDA:316,63,1,0
BRDA:341,64,0,0
BRDA:341,64,1,0
BRDA:346,65,0,0
BRDA:346,65,1,0
BRDA:351,66,0,0
BRDA:351,66,1,0
BRDA:353,67,0,0
BRDA:353,67,1,0
BRDA:382,68,0,0
BRDA:382,68,1,0
BRDA:384,69,0,0
BRDA:384,69,1,0
BRDA:387,70,0,0
BRDA:387,70,1,0
BRDA:388,71,0,0
BRDA:388,71,1,0
BRDA:393,72,0,0
BRDA:393,72,1,0
BRDA:395,73,0,0
BRDA:395,73,1,0
BRDA:397,74,0,0
BRDA:397,74,1,0
BRDA:411,75,0,0
BRDA:411,75,1,0
BRDA:417,76,0,0
BRDA:417,76,1,0
BRDA:417,77,0,0
BRDA:417,77,1,0
BRDA:417,78,0,0
BRDA:417,78,1,0
BRF:161
BRH:0
end_of_record
TN:
SF:src/components/ui.tsx
FN:2,Spinner
FN:30,ButtonSpinner
FN:41,ErrorBanner
FN:53,ModalErrorBanner
FN:80,StatCard
FN:95,PnlCell
FN:108,SectionHeading
FN:123,EmptyState
FN:149,RiskBadge
FN:159,AssetClassChip
FN:175,txBadgeColor
FNF:11
FNH:11
FNDA:1,Spinner
FNDA:7,ButtonSpinner
FNDA:3,ErrorBanner
FNDA:2,ModalErrorBanner
FNDA:1,StatCard
FNDA:3,PnlCell
FNDA:1,SectionHeading
FNDA:1,EmptyState
FNDA:1,RiskBadge
FNDA:2,AssetClassChip
FNDA:5,txBadgeColor
DA:3,1
DA:31,7
DA:42,3
DA:54,2
DA:71,4
DA:82,1
DA:85,1
DA:96,3
DA:97,2
DA:98,3
DA:109,1
DA:124,1
DA:150,1
DA:160,2
DA:161,2
DA:162,2
DA:176,5
DA:177,1
DA:178,1
DA:179,1
DA:180,1
DA:181,1
LF:22
LH:22
BRDA:2,0,0,1
BRDA:30,1,0,7
BRDA:57,2,0,1
BRDA:57,2,1,1
BRDA:80,3,0,1
BRDA:82,4,0,1
BRDA:82,4,1,0
BRDA:83,5,0,0
BRDA:83,5,1,0
BRDA:89,6,0,1
BRDA:89,6,1,1
BRDA:95,7,0,3
BRDA:96,8,0,1
BRDA:96,8,1,2
BRDA:97,9,0,1
BRDA:97,9,1,1
BRDA:100,10,0,1
BRDA:100,10,1,1
BRDA:160,11,0,2
BRDA:160,11,1,1
BRDA:161,12,0,2
BRDA:161,12,1,1
BRDA:176,13,0,1
BRDA:176,13,1,1
BRDA:176,13,2,1
BRDA:176,13,3,1
BRDA:176,13,4,1
BRF:27
BRH:24
end_of_record
TN:
SF:src/pages/InstrumentDetail.tsx
FN:13,sourceLabelFromUrl
FN:25,faviconUrl
FN:34,DataSourceList
FN:37,(anonymous_3)
FN:62,(anonymous_4)
FN:97,InstrumentDetail
FN:111,(anonymous_6)
FN:114,(anonymous_7)
FN:118,(anonymous_8)
FN:119,(anonymous_9)
FN:124,handleAddNav
FN:143,handleSyncSuccess
FN:145,(anonymous_12)
FN:147,(anonymous_13)
FN:183,(anonymous_14)
FN:221,(anonymous_15)
FN:233,(anonymous_16)
FN:294,(anonymous_17)
FNF:18
FNH:0
FNDA:0,sourceLabelFromUrl
FNDA:0,faviconUrl
FNDA:0,DataSourceList
FNDA:0,(anonymous_3)
FNDA:0,(anonymous_4)
FNDA:0,InstrumentDetail
FNDA:0,(anonymous_6)
FNDA:0,(anonymous_7)
FNDA:0,(anonymous_8)
FNDA:0,(anonymous_9)
FNDA:0,handleAddNav
FNDA:0,handleSyncSuccess
FNDA:0,(anonymous_12)
FNDA:0,(anonymous_13)
FNDA:0,(anonymous_14)
FNDA:0,(anonymous_15)
FNDA:0,(anonymous_16)
FNDA:0,(anonymous_17)
DA:14,0
DA:15,0
DA:16,0
DA:17,0
DA:18,0
DA:19,0
DA:21,0
DA:26,0
DA:27,0
DA:28,0
DA:30,0
DA:35,0
DA:38,0
DA:39,0
DA:40,0
DA:62,0
DA:98,0
DA:100,0
DA:101,0
DA:102,0
DA:103,0
DA:104,0
DA:105,0
DA:106,0
DA:107,0
DA:108,0
DA:109,0
DA:111,0
DA:112,0
DA:113,0
DA:115,0
DA:116,0
DA:118,0
DA:119,0
DA:122,0
DA:125,0
DA:126,0
DA:127,0
DA:128,0
DA:129,0
DA:130,0
DA:131,0
DA:132,0
DA:133,0
DA:134,0
DA:135,0
DA:137,0
DA:139,0
DA:144,0
DA:145,0
DA:146,0
DA:147,0
DA:150,0
DA:151,0
DA:152,0
DA:154,0
DA:156,0
DA:184,0
DA:221,0
DA:233,0
DA:295,0
DA:296,0
DA:297,0
DA:300,0
LF:64
LH:0
BRDA:18,0,0,0
BRDA:18,0,1,0
BRDA:18,1,0,0
BRDA:18,1,1,0
BRDA:55,2,0,0
BRDA:55,2,1,0
BRDA:70,3,0,0
BRDA:70,3,1,0
BRDA:112,4,0,0
BRDA:112,4,1,0
BRDA:126,5,0,0
BRDA:126,5,1,0
BRDA:126,6,0,0
BRDA:126,6,1,0
BRDA:144,7,0,0
BRDA:144,7,1,0
BRDA:150,8,0,0
BRDA:150,8,1,0
BRDA:151,9,0,0
BRDA:151,9,1,0
BRDA:152,10,0,0
BRDA:152,10,1,0
BRDA:154,11,0,0
BRDA:154,11,1,0
BRDA:173,12,0,0
BRDA:173,12,1,0
BRDA:180,13,0,0
BRDA:180,13,1,0
BRDA:181,14,0,0
BRDA:181,14,1,0
BRDA:182,15,0,0
BRDA:182,15,1,0
BRDA:187,16,0,0
BRDA:187,16,1,0
BRDA:197,17,0,0
BRDA:197,17,1,0
BRDA:210,18,0,0
BRDA:210,18,1,0
BRDA:240,19,0,0
BRDA:240,19,1,0
BRDA:246,20,0,0
BRDA:246,20,1,0
BRDA:246,21,0,0
BRDA:246,21,1,0
BRDA:249,22,0,0
BRDA:249,22,1,0
BRDA:257,23,0,0
BRDA:257,23,1,0
BRDA:268,24,0,0
BRDA:268,24,1,0
BRDA:271,25,0,0
BRDA:271,25,1,0
BRDA:277,26,0,0
BRDA:277,26,1,0
BRDA:296,27,0,0
BRDA:296,27,1,0
BRDA:297,28,0,0
BRDA:297,28,1,0
BRDA:297,29,0,0
BRDA:297,29,1,0
BRDA:307,30,0,0
BRDA:307,30,1,0
BRDA:308,31,0,0
BRDA:308,31,1,0
BRDA:309,32,0,0
BRDA:309,32,1,0
BRDA:310,33,0,0
BRDA:310,33,1,0
BRF:68
BRH:0
end_of_record
TN:
SF:src/pages/PortfolioDetail.tsx
FN:25,PortfolioDetail
FN:42,reload
FN:51,(anonymous_2)
FN:55,(anonymous_3)
FN:57,(anonymous_4)
FN:57,(anonymous_5)
FN:61,(anonymous_6)
FN:76,handleDateChange
FN:79,(anonymous_8)
FN:82,autoRecalculate
FN:92,handleTxnSaved
FN:95,(anonymous_11)
FN:95,(anonymous_12)
FN:97,(anonymous_13)
FN:102,handleTemplateBuySaved
FN:104,(anonymous_15)
FN:108,handleDeleteTxn
FN:111,(anonymous_17)
FN:111,(anonymous_18)
FN:116,handleClearAllTxn
FN:124,handlePortfolioSaved
FN:129,handleDeletePortfolio
FN:163,(anonymous_22)
FN:167,(anonymous_23)
FN:178,(anonymous_24)
FN:211,(anonymous_25)
FN:212,(anonymous_26)
FN:223,(anonymous_27)
FN:223,(anonymous_28)
FN:225,(anonymous_29)
FN:226,(anonymous_30)
FN:243,(anonymous_31)
FN:246,(anonymous_32)
FN:262,(anonymous_33)
FN:263,(anonymous_34)
FN:277,(anonymous_35)
FN:283,(anonymous_36)
FN:283,(anonymous_37)
FN:336,(anonymous_38)
FN:342,(anonymous_39)
FN:360,(anonymous_40)
FN:365,(anonymous_41)
FN:383,(anonymous_42)
FN:395,(anonymous_43)
FN:398,(anonymous_44)
FN:401,(anonymous_45)
FN:409,(anonymous_46)
FN:418,(anonymous_47)
FN:422,(anonymous_48)
FN:430,(anonymous_49)
FNF:50
FNH:0
FNDA:0,PortfolioDetail
FNDA:0,reload
FNDA:0,(anonymous_2)
FNDA:0,(anonymous_3)
FNDA:0,(anonymous_4)
FNDA:0,(anonymous_5)
FNDA:0,(anonymous_6)
FNDA:0,handleDateChange
FNDA:0,(anonymous_8)
FNDA:0,autoRecalculate
FNDA:0,handleTxnSaved
FNDA:0,(anonymous_11)
FNDA:0,(anonymous_12)
FNDA:0,(anonymous_13)
FNDA:0,handleTemplateBuySaved
FNDA:0,(anonymous_15)
FNDA:0,handleDeleteTxn
FNDA:0,(anonymous_17)
FNDA:0,(anonymous_18)
FNDA:0,handleClearAllTxn
FNDA:0,handlePortfolioSaved
FNDA:0,handleDeletePortfolio
FNDA:0,(anonymous_22)
FNDA:0,(anonymous_23)
FNDA:0,(anonymous_24)
FNDA:0,(anonymous_25)
FNDA:0,(anonymous_26)
FNDA:0,(anonymous_27)
FNDA:0,(anonymous_28)
FNDA:0,(anonymous_29)
FNDA:0,(anonymous_30)
FNDA:0,(anonymous_31)
FNDA:0,(anonymous_32)
FNDA:0,(anonymous_33)
FNDA:0,(anonymous_34)
FNDA:0,(anonymous_35)
FNDA:0,(anonymous_36)
FNDA:0,(anonymous_37)
FNDA:0,(anonymous_38)
FNDA:0,(anonymous_39)
FNDA:0,(anonymous_40)
FNDA:0,(anonymous_41)
FNDA:0,(anonymous_42)
FNDA:0,(anonymous_43)
FNDA:0,(anonymous_44)
FNDA:0,(anonymous_45)
FNDA:0,(anonymous_46)
FNDA:0,(anonymous_47)
FNDA:0,(anonymous_48)
FNDA:0,(anonymous_49)
DA:26,0
DA:27,0
DA:29,0
DA:30,0
DA:31,0
DA:32,0
DA:33,0
DA:34,0
DA:35,0
DA:36,0
DA:37,0
DA:39,0
DA:40,0
DA:43,0
DA:44,0
DA:49,0
DA:50,0
DA:51,0
DA:52,0
DA:55,0
DA:56,0
DA:57,0
DA:61,0
DA:62,0
DA:63,0
DA:64,0
DA:65,0
DA:66,0
DA:67,0
DA:68,0
DA:70,0
DA:72,0
DA:77,0
DA:78,0
DA:79,0
DA:83,0
DA:84,0
DA:85,0
DA:86,0
DA:87,0
DA:93,0
DA:94,0
DA:95,0
DA:97,0
DA:99,0
DA:103,0
DA:104,0
DA:105,0
DA:109,0
DA:110,0
DA:111,0
DA:112,0
DA:113,0
DA:117,0
DA:118,0
DA:119,0
DA:120,0
DA:121,0
DA:125,0
DA:126,0
DA:130,0
DA:131,0
DA:132,0
DA:135,0
DA:136,0
DA:137,0
DA:139,0
DA:140,0
DA:141,0
DA:142,0
DA:144,0
DA:163,0
DA:167,0
DA:178,0
DA:211,0
DA:212,0
DA:223,0
DA:225,0
DA:226,0
DA:244,0
DA:246,0
DA:262,0
DA:263,0
DA:278,0
DA:283,0
DA:284,0
DA:337,0
DA:343,0
DA:344,0
DA:360,0
DA:365,0
DA:383,0
DA:395,0
DA:398,0
DA:401,0
DA:409,0
DA:418,0
DA:422,0
DA:430,0
DA:437,0
LF:100
LH:0
BRDA:43,0,0,0
BRDA:43,0,1,0
BRDA:51,1,0,0
BRDA:51,1,1,0
BRDA:56,2,0,0
BRDA:56,2,1,0
BRDA:62,3,0,0
BRDA:62,3,1,0
BRDA:62,4,0,0
BRDA:62,4,1,0
BRDA:68,5,0,0
BRDA:68,5,1,0
BRDA:70,6,0,0
BRDA:70,6,1,0
BRDA:72,7,0,0
BRDA:72,7,1,0
BRDA:78,8,0,0
BRDA:78,8,1,0
BRDA:86,9,0,0
BRDA:86,9,1,0
BRDA:86,10,0,0
BRDA:86,10,1,0
BRDA:94,11,0,0
BRDA:94,11,1,0
BRDA:95,12,0,0
BRDA:95,12,1,0
BRDA:99,13,0,0
BRDA:99,13,1,0
BRDA:105,14,0,0
BRDA:105,14,1,0
BRDA:109,15,0,0
BRDA:109,15,1,0
BRDA:109,16,0,0
BRDA:109,16,1,0
BRDA:117,17,0,0
BRDA:117,17,1,0
BRDA:130,18,0,0
BRDA:130,18,1,0
BRDA:135,19,0,0
BRDA:135,19,1,0
BRDA:136,20,0,0
BRDA:136,20,1,0
BRDA:137,21,0,0
BRDA:137,21,1,0
BRDA:137,22,0,0
BRDA:137,22,1,0
BRDA:139,23,0,0
BRDA:139,23,1,0
BRDA:141,24,0,0
BRDA:141,24,1,0
BRDA:142,25,0,0
BRDA:142,25,1,0
BRDA:158,26,0,0
BRDA:158,26,1,0
BRDA:179,27,0,0
BRDA:179,27,1,0
BRDA:188,28,0,0
BRDA:188,28,1,0
BRDA:193,29,0,0
BRDA:193,29,1,0
BRDA:203,30,0,0
BRDA:203,30,1,0
BRDA:218,31,0,0
BRDA:218,31,1,0
BRDA:239,32,0,0
BRDA:239,32,1,0
BRDA:248,33,0,0
BRDA:248,33,1,0
BRDA:255,34,0,0
BRDA:255,34,1,0
BRDA:260,35,0,0
BRDA:260,35,1,0
BRDA:269,36,0,0
BRDA:269,36,1,0
BRDA:270,37,0,0
BRDA:270,37,1,0
BRDA:283,38,0,0
BRDA:283,38,1,0
BRDA:283,39,0,0
BRDA:283,39,1,0
BRDA:297,40,0,0
BRDA:297,40,1,0
BRDA:298,41,0,0
BRDA:298,41,1,0
BRDA:299,42,0,0
BRDA:299,42,1,0
BRDA:301,43,0,0
BRDA:301,43,1,0
BRDA:320,44,0,0
BRDA:320,44,1,0
BRDA:321,45,0,0
BRDA:321,45,1,0
BRDA:351,46,0,0
BRDA:351,46,1,0
BRDA:380,47,0,0
BRDA:380,47,1,0
BRDA:380,47,2,0
BRDA:394,48,0,0
BRDA:394,48,1,0
BRDA:394,48,2,0
BRDA:397,49,0,0
BRDA:397,49,1,0
BRDA:397,49,2,0
BRDA:400,50,0,0
BRDA:400,50,1,0
BRDA:400,50,2,0
BRDA:403,51,0,0
BRDA:403,51,1,0
BRDA:412,52,0,0
BRDA:412,52,1,0
BRDA:421,53,0,0
BRDA:421,53,1,0
BRDA:424,54,0,0
BRDA:424,54,1,0
BRF:114
BRH:0
end_of_record
TN:
SF:src/pages/PortfolioList.tsx
FN:30,PortfolioList
FN:43,loadAggregateSeries
FN:51,(anonymous_2)
FN:51,(anonymous_3)
FN:70,loadPortfolios
FN:73,(anonymous_5)
FN:81,(anonymous_6)
FN:84,(anonymous_7)
FN:84,(anonymous_8)
FN:86,(anonymous_9)
FN:86,(anonymous_10)
FN:95,(anonymous_11)
FN:96,(anonymous_12)
FN:100,handleSaved
FN:105,(anonymous_14)
FN:105,(anonymous_15)
FN:109,handleDelete
FN:114,(anonymous_17)
FN:116,(anonymous_18)
FN:134,toggleExcluded
FN:135,(anonymous_20)
FN:154,(anonymous_21)
FN:177,(anonymous_22)
FN:181,(anonymous_23)
FN:207,(anonymous_24)
FN:212,(anonymous_25)
FN:250,(anonymous_26)
FN:251,(anonymous_27)
FN:252,(anonymous_28)
FN:271,(anonymous_29)
FN:295,(anonymous_30)
FN:298,(anonymous_31)
FN:306,(anonymous_32)
FN:317,acColor
FNF:34
FNH:0
FNDA:0,PortfolioList
FNDA:0,loadAggregateSeries
FNDA:0,(anonymous_2)
FNDA:0,(anonymous_3)
FNDA:0,loadPortfolios
FNDA:0,(anonymous_5)
FNDA:0,(anonymous_6)
FNDA:0,(anonymous_7)
FNDA:0,(anonymous_8)
FNDA:0,(anonymous_9)
FNDA:0,(anonymous_10)
FNDA:0,(anonymous_11)
FNDA:0,(anonymous_12)
FNDA:0,handleSaved
FNDA:0,(anonymous_14)
FNDA:0,(anonymous_15)
FNDA:0,handleDelete
FNDA:0,(anonymous_17)
FNDA:0,(anonymous_18)
FNDA:0,toggleExcluded
FNDA:0,(anonymous_20)
FNDA:0,(anonymous_21)
FNDA:0,(anonymous_22)
FNDA:0,(anonymous_23)
FNDA:0,(anonymous_24)
FNDA:0,(anonymous_25)
FNDA:0,(anonymous_26)
FNDA:0,(anonymous_27)
FNDA:0,(anonymous_28)
FNDA:0,(anonymous_29)
FNDA:0,(anonymous_30)
FNDA:0,(anonymous_31)
FNDA:0,(anonymous_32)
FNDA:0,acColor
DA:22,0
DA:31,0
DA:32,0
DA:33,0
DA:34,0
DA:35,0
DA:36,0
DA:37,0
DA:38,0
DA:39,0
DA:40,0
DA:41,0
DA:49,0
DA:51,0
DA:52,0
DA:53,0
DA:54,0
DA:55,0
DA:56,0
DA:58,0
DA:59,0
DA:60,0
DA:61,0
DA:62,0
DA:64,0
DA:66,0
DA:71,0
DA:72,0
DA:73,0
DA:74,0
DA:75,0
DA:76,0
DA:77,0
DA:78,0
DA:79,0
DA:81,0
DA:82,0
DA:83,0
DA:84,0
DA:86,0
DA:90,0
DA:91,0
DA:95,0
DA:96,0
DA:97,0
DA:101,0
DA:102,0
DA:103,0
DA:105,0
DA:110,0
DA:111,0
DA:112,0
DA:113,0
DA:114,0
DA:115,0
DA:116,0
DA:117,0
DA:118,0
DA:119,0
DA:121,0
DA:122,0
DA:123,0
DA:124,0
DA:126,0
DA:128,0
DA:130,0
DA:135,0
DA:136,0
DA:137,0
DA:138,0
DA:142,0
DA:143,0
DA:145,0
DA:154,0
DA:177,0
DA:182,0
DA:183,0
DA:184,0
DA:185,0
DA:207,0
DA:212,0
DA:250,0
DA:251,0
DA:253,0
DA:271,0
DA:295,0
DA:298,0
DA:306,0
DA:318,0
DA:325,0
LF:90
LH:0
BRDA:49,0,0,0
BRDA:49,0,1,0
BRDA:52,1,0,0
BRDA:52,1,1,0
BRDA:52,2,0,0
BRDA:52,2,1,0
BRDA:76,3,0,0
BRDA:76,3,1,0
BRDA:84,4,0,0
BRDA:84,4,1,0
BRDA:86,5,0,0
BRDA:86,5,1,0
BRDA:97,6,0,0
BRDA:97,6,1,0
BRDA:102,7,0,0
BRDA:102,7,1,0
BRDA:105,8,0,0
BRDA:105,8,1,0
BRDA:110,9,0,0
BRDA:110,9,1,0
BRDA:121,10,0,0
BRDA:121,10,1,0
BRDA:137,11,0,0
BRDA:137,11,1,0
BRDA:142,12,0,0
BRDA:142,12,1,0
BRDA:143,13,0,0
BRDA:143,13,1,0
BRDA:160,14,0,0
BRDA:160,14,1,0
BRDA:172,15,0,0
BRDA:172,15,1,0
BRDA:183,16,0,0
BRDA:183,16,1,0
BRDA:189,17,0,0
BRDA:189,17,1,0
BRDA:199,18,0,0
BRDA:199,18,1,0
BRDA:220,19,0,0
BRDA:220,19,1,0
BRDA:225,20,0,0
BRDA:225,20,1,0
BRDA:227,21,0,0
BRDA:227,21,1,0
BRDA:236,22,0,0
BRDA:236,22,1,0
BRDA:238,23,0,0
BRDA:238,23,1,0
BRDA:241,24,0,0
BRDA:241,24,1,0
BRDA:246,25,0,0
BRDA:246,25,1,0
BRDA:250,26,0,0
BRDA:250,26,1,0
BRDA:251,27,0,0
BRDA:251,27,1,0
BRDA:251,28,0,0
BRDA:251,28,1,0
BRDA:272,29,0,0
BRDA:272,29,1,0
BRDA:273,30,0,0
BRDA:273,30,1,0
BRDA:278,31,0,0
BRDA:278,31,1,0
BRDA:281,32,0,0
BRDA:281,32,1,0
BRDA:294,33,0,0
BRDA:294,33,1,0
BRDA:297,34,0,0
BRDA:297,34,1,0
BRDA:300,35,0,0
BRDA:300,35,1,0
BRDA:304,36,0,0
BRDA:304,36,1,0
BRDA:325,37,0,0
BRDA:325,37,1,0
BRF:76
BRH:0
end_of_record
TN:
SF:src/pages/StrategyList.tsx
FN:18,StrategyList
FN:24,loadInstruments
FN:35,(anonymous_2)
FN:37,(anonymous_3)
FN:51,loadTemplates
FN:62,(anonymous_5)
FN:64,handleSaved
FN:66,(anonymous_7)
FN:67,(anonymous_8)
FN:69,(anonymous_9)
FN:71,(anonymous_10)
FN:75,handleDelete
FN:78,(anonymous_12)
FN:78,(anonymous_13)
FN:86,(anonymous_14)
FN:87,(anonymous_15)
FN:88,(anonymous_16)
FN:94,(anonymous_17)
FN:107,(anonymous_18)
FN:108,(anonymous_19)
FN:109,(anonymous_20)
FN:115,(anonymous_21)
FN:145,(anonymous_22)
FN:157,(anonymous_23)
FN:163,(anonymous_24)
FN:164,(anonymous_25)
FN:180,(anonymous_26)
FN:186,(anonymous_27)
FN:210,(anonymous_28)
FN:211,(anonymous_29)
FN:258,(anonymous_30)
FN:274,(anonymous_31)
FN:280,(anonymous_32)
FN:306,(anonymous_33)
FN:306,(anonymous_34)
FN:310,(anonymous_35)
FN:316,(anonymous_36)
FN:325,(anonymous_37)
FNF:38
FNH:0
FNDA:0,StrategyList
FNDA:0,loadInstruments
FNDA:0,(anonymous_2)
FNDA:0,(anonymous_3)
FNDA:0,loadTemplates
FNDA:0,(anonymous_5)
FNDA:0,handleSaved
FNDA:0,(anonymous_7)
FNDA:0,(anonymous_8)
FNDA:0,(anonymous_9)
FNDA:0,(anonymous_10)
FNDA:0,handleDelete
FNDA:0,(anonymous_12)
FNDA:0,(anonymous_13)
FNDA:0,(anonymous_14)
FNDA:0,(anonymous_15)
FNDA:0,(anonymous_16)
FNDA:0,(anonymous_17)
FNDA:0,(anonymous_18)
FNDA:0,(anonymous_19)
FNDA:0,(anonymous_20)
FNDA:0,(anonymous_21)
FNDA:0,(anonymous_22)
FNDA:0,(anonymous_23)
FNDA:0,(anonymous_24)
FNDA:0,(anonymous_25)
FNDA:0,(anonymous_26)
FNDA:0,(anonymous_27)
FNDA:0,(anonymous_28)
FNDA:0,(anonymous_29)
FNDA:0,(anonymous_30)
FNDA:0,(anonymous_31)
FNDA:0,(anonymous_32)
FNDA:0,(anonymous_33)
FNDA:0,(anonymous_34)
FNDA:0,(anonymous_35)
FNDA:0,(anonymous_36)
FNDA:0,(anonymous_37)
DA:19,0
DA:20,0
DA:21,0
DA:22,0
DA:25,0
DA:26,0
DA:27,0
DA:29,0
DA:31,0
DA:35,0
DA:37,0
DA:38,0
DA:39,0
DA:46,0
DA:47,0
DA:48,0
DA:49,0
DA:52,0
DA:53,0
DA:54,0
DA:56,0
DA:58,0
DA:62,0
DA:65,0
DA:66,0
DA:67,0
DA:68,0
DA:69,0
DA:71,0
DA:76,0
DA:77,0
DA:78,0
DA:79,0
DA:82,0
DA:84,0
DA:86,0
DA:87,0
DA:89,0
DA:90,0
DA:95,0
DA:96,0
DA:105,0
DA:107,0
DA:108,0
DA:110,0
DA:111,0
DA:116,0
DA:117,0
DA:126,0
DA:145,0
DA:157,0
DA:164,0
DA:165,0
DA:166,0
DA:180,0
DA:186,0
DA:210,0
DA:212,0
DA:258,0
DA:275,0
DA:281,0
DA:306,0
DA:310,0
DA:316,0
DA:325,0
LF:65
LH:0
BRDA:40,0,0,0
BRDA:40,0,1,0
BRDA:40,0,2,0
BRDA:68,1,0,0
BRDA:68,1,1,0
BRDA:69,2,0,0
BRDA:69,2,1,0
BRDA:76,3,0,0
BRDA:76,3,1,0
BRDA:82,4,0,0
BRDA:82,4,1,0
BRDA:82,5,0,0
BRDA:82,5,1,0
BRDA:90,6,0,0
BRDA:90,6,1,0
BRDA:91,7,0,0
BRDA:91,7,1,0
BRDA:96,8,0,0
BRDA:96,8,1,0
BRDA:97,9,0,0
BRDA:97,9,1,0
BRDA:111,10,0,0
BRDA:111,10,1,0
BRDA:112,11,0,0
BRDA:112,11,1,0
BRDA:113,12,0,0
BRDA:113,12,1,0
BRDA:117,13,0,0
BRDA:117,13,1,0
BRDA:118,14,0,0
BRDA:118,14,1,0
BRDA:119,15,0,0
BRDA:119,15,1,0
BRDA:151,16,0,0
BRDA:151,16,1,0
BRDA:153,17,0,0
BRDA:153,17,1,0
BRDA:165,18,0,0
BRDA:165,18,1,0
BRDA:171,19,0,0
BRDA:171,19,1,0
BRDA:175,20,0,0
BRDA:175,20,1,0
BRDA:214,21,0,0
BRDA:214,21,1,0
BRDA:226,22,0,0
BRDA:226,22,1,0
BRDA:229,23,0,0
BRDA:229,23,1,0
BRDA:232,24,0,0
BRDA:232,24,1,0
BRDA:232,25,0,0
BRDA:232,25,1,0
BRDA:212,26,0,0
BRDA:212,26,1,0
BRDA:264,27,0,0
BRDA:264,27,1,0
BRDA:268,28,0,0
BRDA:268,28,1,0
BRDA:295,29,0,0
BRDA:295,29,1,0
BRDA:309,30,0,0
BRDA:309,30,1,0
BRDA:312,31,0,0
BRDA:312,31,1,0
BRDA:319,32,0,0
BRDA:319,32,1,0
BRF:67
BRH:0
end_of_record
TN:
SF:src/pages/TemplatesPage.tsx
FN:15,TemplatesPage
FN:22,load
FN:33,(anonymous_2)
FN:35,handleSaved
FN:37,(anonymous_4)
FN:38,(anonymous_5)
FN:40,(anonymous_6)
FN:42,(anonymous_7)
FN:46,handleDelete
FN:51,(anonymous_9)
FN:51,(anonymous_10)
FN:64,(anonymous_11)
FN:65,(anonymous_12)
FN:66,(anonymous_13)
FN:72,(anonymous_14)
FN:92,(anonymous_15)
FN:108,(anonymous_16)
FN:114,(anonymous_17)
FN:115,(anonymous_18)
FN:130,(anonymous_19)
FN:136,(anonymous_20)
FN:157,(anonymous_21)
FN:158,(anonymous_22)
FN:182,(anonymous_23)
FN:189,(anonymous_24)
FN:199,(anonymous_25)
FNF:26
FNH:0
FNDA:0,TemplatesPage
FNDA:0,load
FNDA:0,(anonymous_2)
FNDA:0,handleSaved
FNDA:0,(anonymous_4)
FNDA:0,(anonymous_5)
FNDA:0,(anonymous_6)
FNDA:0,(anonymous_7)
FNDA:0,handleDelete
FNDA:0,(anonymous_9)
FNDA:0,(anonymous_10)
FNDA:0,(anonymous_11)
FNDA:0,(anonymous_12)
FNDA:0,(anonymous_13)
FNDA:0,(anonymous_14)
FNDA:0,(anonymous_15)
FNDA:0,(anonymous_16)
FNDA:0,(anonymous_17)
FNDA:0,(anonymous_18)
FNDA:0,(anonymous_19)
FNDA:0,(anonymous_20)
FNDA:0,(anonymous_21)
FNDA:0,(anonymous_22)
FNDA:0,(anonymous_23)
FNDA:0,(anonymous_24)
FNDA:0,(anonymous_25)
DA:16,0
DA:17,0
DA:18,0
DA:19,0
DA:20,0
DA:23,0
DA:24,0
DA:25,0
DA:27,0
DA:29,0
DA:33,0
DA:36,0
DA:37,0
DA:38,0
DA:39,0
DA:40,0
DA:42,0
DA:47,0
DA:48,0
DA:49,0
DA:50,0
DA:51,0
DA:52,0
DA:54,0
DA:56,0
DA:60,0
DA:62,0
DA:64,0
DA:65,0
DA:67,0
DA:68,0
DA:73,0
DA:74,0
DA:83,0
DA:92,0
DA:108,0
DA:115,0
DA:116,0
DA:130,0
DA:136,0
DA:157,0
DA:159,0
DA:182,0
DA:189,0
DA:199,0
LF:45
LH:0
BRDA:39,0,0,0
BRDA:39,0,1,0
BRDA:40,1,0,0
BRDA:40,1,1,0
BRDA:47,2,0,0
BRDA:47,2,1,0
BRDA:60,3,0,0
BRDA:60,3,1,0
BRDA:68,4,0,0
BRDA:68,4,1,0
BRDA:69,5,0,0
BRDA:69,5,1,0
BRDA:70,6,0,0
BRDA:70,6,1,0
BRDA:74,7,0,0
BRDA:74,7,1,0
BRDA:75,8,0,0
BRDA:75,8,1,0
BRDA:76,9,0,0
BRDA:76,9,1,0
BRDA:98,10,0,0
BRDA:98,10,1,0
BRDA:104,11,0,0
BRDA:104,11,1,0
BRDA:121,12,0,0
BRDA:121,12,1,0
BRDA:125,13,0,0
BRDA:125,13,1,0
BRDA:161,14,0,0
BRDA:161,14,1,0
BRDA:164,15,0,0
BRDA:164,15,1,0
BRDA:167,16,0,0
BRDA:167,16,1,0
BRDA:159,17,0,0
BRDA:159,17,1,0
BRDA:181,18,0,0
BRDA:181,18,1,0
BRDA:185,19,0,0
BRDA:185,19,1,0
BRDA:193,20,0,0
BRDA:193,20,1,0
BRDA:197,21,0,0
BRDA:197,21,1,0
BRF:44
BRH:0
end_of_record
TN:
SF:src/types/index.ts
FNF:0
FNH:0
LF:0
LH:0
BRF:0
BRH:0
end_of_record
TN:
SF:src/utils/format.ts
FN:2,fmtEur
FN:11,fmtPct
FN:17,fmtUnits
FN:26,fmtAssetClass
FN:52,riskColor
FN:60,today
FN:72,fmtDateShort
FN:80,fmtDateLong
FN:90,fmtCompact
FNF:9
FNH:9
FNDA:6,fmtEur
FNDA:7,fmtPct
FNDA:4,fmtUnits
FNDA:3,fmtAssetClass
FNDA:8,riskColor
FNDA:2,today
FNDA:4,fmtDateShort
FNDA:3,fmtDateLong
FNDA:8,fmtCompact
DA:3,6
DA:4,4
DA:12,7
DA:13,5
DA:18,4
DA:19,2
DA:27,3
DA:31,5
DA:40,5
DA:53,8
DA:54,6
DA:55,3
DA:56,2
DA:61,2
DA:62,2
DA:73,4
DA:74,4
DA:75,3
DA:76,2
DA:81,3
DA:82,3
DA:83,2
DA:91,8
DA:92,5
DA:93,2
LF:25
LH:25
BRDA:2,0,0,6
BRDA:3,1,0,2
BRDA:3,1,1,4
BRDA:12,2,0,2
BRDA:12,2,1,5
BRDA:13,3,0,3
BRDA:13,3,1,2
BRDA:18,4,0,2
BRDA:18,4,1,2
BRDA:53,5,0,2
BRDA:53,5,1,6
BRDA:54,6,0,3
BRDA:54,6,1,3
BRDA:55,7,0,1
BRDA:55,7,1,2
BRDA:74,8,0,1
BRDA:74,8,1,3
BRDA:74,9,0,4
BRDA:74,9,1,3
BRDA:74,9,2,3
BRDA:75,10,0,1
BRDA:75,10,1,2
BRDA:82,11,0,1
BRDA:82,11,1,2
BRDA:82,12,0,3
BRDA:82,12,1,2
BRDA:82,12,2,2
BRDA:91,13,0,3
BRDA:91,13,1,5
BRDA:92,14,0,3
BRDA:92,14,1,2
BRF:31
BRH:31
end_of_record
